<?xml version="1.0" encoding="UTF-8"?>
<!-- Generated by org.testng.reporters.JUnitReportReporter -->
<testsuite hostname="Abhi" failures="0" tests="9" name="api.tests.DDT_Tests" time="11.566" errors="0" timestamp="2023-12-18T15:06:13 IST" skipped="0">
  <testcase classname="api.tests.DDT_Tests" name="DDT_POST" time="1.338"/>
  <system-out/>
  <testcase classname="api.tests.DDT_Tests" name="DDT_POST" time="1.261"/>
  <system-out/>
  <testcase classname="api.tests.DDT_Tests" name="DDT_POST" time="1.300"/>
  <system-out/>
  <testcase classname="api.tests.DDT_Tests" name="DDT_GET" time="1.293"/>
  <system-out/>
  <testcase classname="api.tests.DDT_Tests" name="DDT_GET" time="1.280"/>
  <system-out/>
  <testcase classname="api.tests.DDT_Tests" name="DDT_GET" time="1.312"/>
  <system-out/>
  <testcase classname="api.tests.DDT_Tests" name="DDT_delete" time="1.247"/>
  <system-out/>
  <testcase classname="api.tests.DDT_Tests" name="DDT_delete" time="1.292"/>
  <system-out/>
  <testcase classname="api.tests.DDT_Tests" name="DDT_delete" time="1.243"/>
  <system-out/>
</testsuite> <!-- api.tests.DDT_Tests -->
