<?xml version="1.0" encoding="UTF-8"?>
<!-- Generated by org.testng.reporters.JUnitReportReporter -->
<testsuite hostname="Abhi" failures="0" tests="1" name="posts.XMLValidations" time="2.265" errors="0" timestamp="2023-12-19T16:54:39 IST" skipped="0">
  <testcase classname="posts.XMLValidations" name="xmlTest" time="2.265"/>
  <system-out/>
</testsuite> <!-- posts.XMLValidations -->
