<?xml version="1.0" encoding="UTF-8"?>
<!-- Generated by org.testng.reporters.JUnitReportReporter -->
<testsuite hostname="Abhi" failures="0" tests="1" name="posts.fileUploadAPI" time="2.564" errors="0" timestamp="2023-12-19T17:43:08 IST" skipped="0">
  <testcase classname="posts.fileUploadAPI" name="singleFileUpload" time="2.564"/>
  <system-out/>
</testsuite> <!-- posts.fileUploadAPI -->
