<?xml version="1.0" encoding="UTF-8"?>
<!-- Generated by org.testng.reporters.JUnitReportReporter -->
<testsuite hostname="Abhi" failures="0" tests="2" name="posts.Cookies" time="2.287" errors="0" timestamp="2023-12-19T11:50:52 IST" skipped="0">
  <testcase classname="posts.Cookies" name="testHeaders" time="2.006"/>
  <system-out/>
  <testcase classname="posts.Cookies" name="testgetHeaders" time="0.281"/>
  <system-out/>
</testsuite> <!-- posts.Cookies -->
