<?xml version="1.0" encoding="UTF-8"?>
<!-- Generated by org.testng.reporters.JUnitReportReporter -->
<testsuite hostname="Abhi" failures="0" tests="4" name="api.tests.UserTests" time="8.404" errors="0" timestamp="2023-12-18T15:06:13 IST" skipped="0">
  <testcase classname="api.tests.UserTests" name="PostUsertest" time="3.283"/>
  <system-out/>
  <testcase classname="api.tests.UserTests" name="GetUserByName" time="1.348"/>
  <system-out/>
  <testcase classname="api.tests.UserTests" name="testUpdateUserByName" time="2.499"/>
  <system-out/>
  <testcase classname="api.tests.UserTests" name="testDeleteUserByName" time="1.274"/>
  <system-out/>
</testsuite> <!-- api.tests.UserTests -->
