<?xml version="1.0" encoding="UTF-8"?>
<!-- Generated by org.testng.reporters.JUnitReportReporter -->
<testsuite hostname="Abhi" failures="0" tests="1" name="posts.XMLValidations$XMLValidations2" time="0.216" errors="0" timestamp="2023-12-19T16:54:39 IST" skipped="0">
  <testcase classname="posts.XMLValidations$XMLValidations2" name="xmlTest" time="0.216"/>
  <system-out/>
</testsuite> <!-- posts.XMLValidations$XMLValidations2 -->
