<?xml version="1.0" encoding="UTF-8"?>
<!-- Generated by org.testng.reporters.JUnitReportReporter -->
<testsuite hostname="Abhi" failures="0" tests="1" name="posts.PathandQueryParams" time="1.696" errors="0" timestamp="2023-12-18T22:03:35 IST" skipped="0">
  <testcase classname="posts.PathandQueryParams" name="TestPathQueryParams" time="1.696"/>
  <system-out/>
</testsuite> <!-- posts.PathandQueryParams -->
