<?xml version="1.0" encoding="UTF-8"?>
<!-- Generated by org.testng.reporters.JUnitReportReporter -->
<testsuite hostname="Abhi" failures="0" tests="2" name="posts.Different_Post_Requests" time="3.651" errors="0" timestamp="2023-12-18T21:53:39 IST" skipped="0">
  <testcase classname="posts.Different_Post_Requests" name="PostByJSONFILE" time="2.819"/>
  <system-out/>
  <testcase classname="posts.Different_Post_Requests" name="deletePost" time="0.832"/>
  <system-out/>
</testsuite> <!-- posts.Different_Post_Requests -->
