<?xml version="1.0" encoding="UTF-8"?>
<!-- Generated by org.testng.reporters.JUnitReportReporter -->
<testsuite hostname="Abhi" failures="0" tests="1" name="posts.jsonValidation" time="3.104" errors="0" timestamp="2023-12-19T15:31:32 IST" skipped="0">
  <testcase classname="posts.jsonValidation" name="testJsonResponse3" time="3.104"/>
  <system-out/>
</testsuite> <!-- posts.jsonValidation -->
