<?xml version="1.0" encoding="UTF-8"?>
<!-- Generated by org.testng.reporters.JUnitReportReporter -->
<testsuite hostname="Abhi" failures="0" tests="4" name="api.tests.UserTests2" time="8.343" errors="0" timestamp="2023-12-18T17:20:39 IST" skipped="0">
  <testcase classname="api.tests.UserTests2" name="PostUsertest" time="3.091"/>
  <system-out/>
  <testcase classname="api.tests.UserTests2" name="GetUserByName" time="1.336"/>
  <system-out/>
  <testcase classname="api.tests.UserTests2" name="testUpdateUserByName" time="2.588"/>
  <system-out/>
  <testcase classname="api.tests.UserTests2" name="testDeleteUserByName" time="1.328"/>
  <system-out/>
</testsuite> <!-- api.tests.UserTests2 -->
